<?xml version="1.0" encoding="UTF-8"?>
<!-- Generated by org.testng.reporters.JUnitXMLReporter -->
<testsuite hostname="bijendra" ignored="0" name="Test" tests="9" failures="2" timestamp="27 Apr 2019 08:08:01 GMT" time="30.793" errors="0">
  <testcase name="test1" time="0.0" classname="listners.TestNGListnersDemo"/>
  <testcase name="test2" time="0.0" classname="listners.TestNGListnersDemo">
    <failure type="java.lang.AssertionError" message="expected [true] but found [false]">
      <![CDATA[java.lang.AssertionError: expected [true] but found [false]
at listners.TestNGListnersDemo.test2(TestNGListnersDemo.java:19)
... Removed 29 stack frames]]>
    </failure>
  </testcase> <!-- test2 -->
  <testcase name="test3" time="0.0" classname="listners.TestNGListnersDemo">
    <skipped/>
  </testcase> <!-- test3 -->
  <testcase name="test4" time="0.0" classname="listners.TestNGListnersDemo2_Multipleclasses"/>
  <testcase name="test5" time="0.0" classname="listners.TestNGListnersDemo2_Multipleclasses"/>
  <testcase name="test6" time="0.0" classname="listners.TestNGListnersDemo2_Multipleclasses">
    <skipped/>
  </testcase> <!-- test6 -->
  <testcase name="test1" time="0.0" classname="listners.TestNGListnersDemo2_Selenium"/>
  <testcase name="test2" time="30.699" classname="listners.TestNGListnersDemo2_Selenium">
    <failure type="org.openqa.selenium.NoSuchElementException" message="Cannot locate an element using css selector=#app-router-outlet &amp;gt; app-user-root &amp;gt; app-snoopstar-auth &amp;gt; section &amp;gt; div.col-xs-12.cp.mt-50 &amp;gt; div.col-xs-12.col-md-6.col-lg-5.offset-lg-1.cp.ng-trigger.ng-trigger-slide &amp;gt; app-snoopstar-login &amp;gt; div &amp;gt; form &amp;gt; div:nth-child(2) &amp;gt; input
For documentation on this error, please visit: https://www.seleniumhq.org/exceptions/no_such_element.html
Build info: version: &amp;apos;3.141.59&amp;apos;, revision: &amp;apos;e82be7d358&amp;apos;, time: &amp;apos;2018-11-14T08:17:03&amp;apos;
System info: host: &amp;apos;BIJENDRA&amp;apos;, ip: &amp;apos;192.168.43.47&amp;apos;, os.name: &amp;apos;Windows 7&amp;apos;, os.arch: &amp;apos;amd64&amp;apos;, os.version: &amp;apos;6.1&amp;apos;, java.version: &amp;apos;1.8.0_201&amp;apos;
Driver info: driver.version: RemoteWebDriver">
      <![CDATA[org.openqa.selenium.NoSuchElementException: Cannot locate an element using css selector=#app-router-outlet > app-user-root > app-snoopstar-auth > section > div.col-xs-12.cp.mt-50 > div.col-xs-12.col-md-6.col-lg-5.offset-lg-1.cp.ng-trigger.ng-trigger-slide > app-snoopstar-login > div > form > div:nth-child(2) > input
For documentation on this error, please visit: https://www.seleniumhq.org/exceptions/no_such_element.html
Build info: version: '3.141.59', revision: 'e82be7d358', time: '2018-11-14T08:17:03'
System info: host: 'BIJENDRA', ip: '192.168.43.47', os.name: 'Windows 7', os.arch: 'amd64', os.version: '6.1', java.version: '1.8.0_201'
Driver info: driver.version: RemoteWebDriver
at org.openqa.selenium.remote.RemoteWebDriver.findElement(RemoteWebDriver.java:327)
at org.openqa.selenium.remote.RemoteWebDriver.findElementByCssSelector(RemoteWebDriver.java:420)
at org.openqa.selenium.By$ByCssSelector.findElement(By.java:431)
at org.openqa.selenium.remote.RemoteWebDriver.findElement(RemoteWebDriver.java:315)
at listners.TestNGListnersDemo2_Selenium.test2(TestNGListnersDemo2_Selenium.java:32)
... Removed 25 stack frames]]>
    </failure>
  </testcase> <!-- test2 -->
  <testcase name="test3" time="0.0" classname="listners.TestNGListnersDemo2_Selenium">
    <skipped/>
  </testcase> <!-- test3 -->
</testsuite> <!-- Test -->
